<?xml version="1.0" encoding="UTF-8"?>
<!-- Generated by org.testng.reporters.JUnitReportReporter -->
<testsuite hostname="Arjun" failures="0" tests="1" name="javalearning.SonyScript" time="12.517" errors="0" timestamp="2024-08-30T17:33:56 IST" skipped="0">
  <testcase classname="javalearning.SonyScript" name="test1" time="12.517"/>
</testsuite> <!-- javalearning.SonyScript -->
