<?xml version="1.0" encoding="UTF-8"?>
<!-- Generated by org.testng.reporters.JUnitReportReporter -->
<testsuite hostname="Arjun" failures="0" tests="1" name="demo.browserLaunch" time="4.778" errors="0" timestamp="2024-08-30T12:59:52 IST" skipped="0">
  <testcase classname="demo.browserLaunch" name="demo" time="4.778"/>
</testsuite> <!-- demo.browserLaunch -->
