<?xml version="1.0" encoding="UTF-8"?>
<!-- Generated by org.testng.reporters.JUnitReportReporter -->
<testsuite hostname="Arjun" failures="0" tests="1" name="demo.browserLaunch" time="6.490" errors="0" timestamp="2024-08-28T10:56:28 IST" skipped="0">
  <testcase classname="demo.browserLaunch" name="demo" time="6.490"/>
</testsuite> <!-- demo.browserLaunch -->
